<?xml version="1.0" encoding="UTF-8"?>
<!-- Generated by org.testng.reporters.JUnitReportReporter -->
<testsuite skipped="0" hostname="IBM-Testing01" name="myGoogleTest.VerifyGooglePageTest" tests="2" failures="0" timestamp="10 Jan 2020 11:04:06 GMT" time="36.101" errors="0">
  <testcase name="checktitle" time="16.294" classname="myGoogleTest.VerifyGooglePageTest"/>
  <testcase name="checklogo" time="19.807" classname="myGoogleTest.VerifyGooglePageTest"/>
</testsuite> <!-- myGoogleTest.VerifyGooglePageTest -->
